<?xml version="1.0" encoding="UTF-8" ?>
<testsuite failures="0" time="0.187" errors="1" skipped="0" tests="1" name="MyConverterTest">
  <properties>
    <property name="java.vendor" value="Sun Microsystems Inc."/>
    <property name="env.SESSION_MANAGER" value="local/daning-laptop:/tmp/.ICE-unix/6652"/>
    <property name="localRepository" value="/home/daning/.m2/repository"/>
    <property name="sun.java.launcher" value="SUN_STANDARD"/>
    <property name="env.QT_IM_MODULE" value="xim"/>
    <property name="sun.management.compiler" value="HotSpot Client Compiler"/>
    <property name="os.name" value="Linux"/>
    <property name="sun.boot.class.path" value="/usr/lib/jvm/java-6-sun-1.6.0.06/jre/lib/resources.jar:/usr/lib/jvm/java-6-sun-1.6.0.06/jre/lib/rt.jar:/usr/lib/jvm/java-6-sun-1.6.0.06/jre/lib/sunrsasign.jar:/usr/lib/jvm/java-6-sun-1.6.0.06/jre/lib/jsse.jar:/usr/lib/jvm/java-6-sun-1.6.0.06/jre/lib/jce.jar:/usr/lib/jvm/java-6-sun-1.6.0.06/jre/lib/charsets.jar:/usr/lib/jvm/java-6-sun-1.6.0.06/jre/classes"/>
    <property name="env.PWD" value="/home/daning"/>
    <property name="env.XDG_SESSION_COOKIE" value="42b3a1bbf574b74026854d4d48150607-1213884691.767434-1952677069"/>
    <property name="sun.desktop" value="gnome"/>
    <property name="env.LANG" value="en_US.UTF-8"/>
    <property name="java.vm.specification.vendor" value="Sun Microsystems Inc."/>
    <property name="java.runtime.version" value="1.6.0_06-b02"/>
    <property name="env.GTK_IM_MODULE" value="xim"/>
    <property name="env.DISPLAY" value=":0.0"/>
    <property name="user.name" value="daning"/>
    <property name="env.USER" value="daning"/>
    <property name="env.SHELL" value="/bin/bash"/>
    <property name="env.MOZILLA_FIVE_HOME" value="/usr/lib/xulrunner-addons"/>
    <property name="env.DESKTOP_SESSION" value="default"/>
    <property name="env.XDG_DATA_DIRS" value="/usr/local/share/:/usr/share/:/usr/share/gdm/"/>
    <property name="env.NLSPATH" value="/usr/dt/lib/nls/msg/%L/%N.cat"/>
    <property name="env.PATH" value="/usr/local/sbin:/usr/local/bin:/usr/sbin:/usr/bin:/sbin:/bin:/usr/games"/>
    <property name="user.language" value="en"/>
    <property name="sun.boot.library.path" value="/usr/lib/jvm/java-6-sun-1.6.0.06/jre/lib/i386"/>
    <property name="java.version" value="1.6.0_06"/>
    <property name="user.timezone" value=""/>
    <property name="env.DBUS_SESSION_BUS_ADDRESS" value="unix:abstract=/tmp/dbus-kInhxqyW0E,guid=1801ae1eb35ff25c39c09b4f485a6918"/>
    <property name="sun.arch.data.model" value="32"/>
    <property name="java.endorsed.dirs" value="/usr/lib/jvm/java-6-sun-1.6.0.06/jre/lib/endorsed"/>
    <property name="sun.cpu.isalist" value=""/>
    <property name="sun.jnu.encoding" value="UTF-8"/>
    <property name="file.encoding.pkg" value="sun.io"/>
    <property name="file.separator" value="/"/>
    <property name="java.specification.name" value="Java Platform API Specification"/>
    <property name="env.GNOME_DESKTOP_SESSION_ID" value="Default"/>
    <property name="java.class.version" value="50.0"/>
    <property name="env.GDMSESSION" value="default"/>
    <property name="user.country" value="US"/>
    <property name="env.GNOME_KEYRING_PID" value="6651"/>
    <property name="java.home" value="/usr/lib/jvm/java-6-sun-1.6.0.06/jre"/>
    <property name="java.vm.info" value="mixed mode, sharing"/>
    <property name="env.LOGNAME" value="daning"/>
    <property name="os.version" value="2.6.24-19-generic"/>
    <property name="path.separator" value=":"/>
    <property name="java.vm.version" value="10.0-b22"/>
    <property name="env.JAVA_HOME" value="/usr/lib/jvm/java-6-sun"/>
    <property name="java.awt.printerjob" value="sun.print.PSPrinterJob"/>
    <property name="env.WINDOWPATH" value="7"/>
    <property name="sun.io.unicode.encoding" value="UnicodeLittle"/>
    <property name="env.XMODIFIERS" value="@im=SCIM"/>
    <property name="env.GDM_LANG" value="en_US.UTF-8"/>
    <property name="user.home" value="/home/daning"/>
    <property name="java.specification.vendor" value="Sun Microsystems Inc."/>
    <property name="java.library.path" value="/usr/lib/jvm/java-6-sun-1.6.0.06/jre/lib/i386/client:/usr/lib/jvm/java-6-sun-1.6.0.06/jre/lib/i386:/usr/lib/jvm/java-6-sun-1.6.0.06/jre/../lib/i386:/usr/lib/jvm/java-6-sun-1.6.0.06/jre/lib/i386/client::/usr/lib/jvm/java-6-sun-1.6.0.06/jre/lib/i386::/usr/lib/xulrunner-addons:/usr/lib/xulrunner-addons:/usr/java/packages/lib/i386:/lib:/usr/lib"/>
    <property name="java.vendor.url" value="http://java.sun.com/"/>
    <property name="env.GDM_XSERVER_LOCATION" value="local"/>
    <property name="java.vm.vendor" value="Sun Microsystems Inc."/>
    <property name="java.runtime.name" value="Java(TM) SE Runtime Environment"/>
    <property name="java.class.path" value="/home/daning/eclipse/plugins/org.maven.ide.components.maven_embedder_2.1.0.20080530-2300/jars/plexus-container-default-1.0-alpha-44.jar:/home/daning/eclipse/plugins/org.maven.ide.components.maven_embedder_2.1.0.20080530-2300/jars/plexus-interpolation-1.0-SNAPSHOT.jar:/home/daning/eclipse/plugins/org.maven.ide.components.maven_embedder_2.1.0.20080530-2300/jars/wagon-ssh-1.0-beta-2.jar:/home/daning/eclipse/plugins/org.maven.ide.components.maven_embedder_2.1.0.20080530-2300/jars/doxia-sink-api-1.0-alpha-9.jar:/home/daning/eclipse/plugins/org.maven.ide.components.maven_embedder_2.1.0.20080530-2300/jars/maven-lifecycle-2.1-SNAPSHOT.jar:/home/daning/eclipse/plugins/org.maven.ide.components.maven_embedder_2.1.0.20080530-2300/jars/maven-model-2.1-SNAPSHOT.jar:/home/daning/eclipse/plugins/org.maven.ide.components.maven_embedder_2.1.0.20080530-2300/jars/wagon-ssh-external-1.0-beta-2.jar:/home/daning/eclipse/plugins/org.maven.ide.components.maven_embedder_2.1.0.20080530-2300/jars/jtidy-4aug2000r7-dev.jar:/home/daning/eclipse/plugins/org.maven.ide.components.maven_embedder_2.1.0.20080530-2300/jars/wagon-file-1.0-beta-2.jar:/home/daning/eclipse/plugins/org.maven.ide.components.maven_embedder_2.1.0.20080530-2300/jars/wagon-http-shared-1.0-beta-2.jar:/home/daning/eclipse/plugins/org.maven.ide.components.maven_embedder_2.1.0.20080530-2300/jars/maven-toolchain-2.1-SNAPSHOT.jar:/home/daning/eclipse/plugins/org.maven.ide.components.maven_embedder_2.1.0.20080530-2300/jars/maven-project-2.1-SNAPSHOT.jar:/home/daning/eclipse/plugins/org.maven.ide.components.maven_embedder_2.1.0.20080530-2300/jars/maven-core-2.1-SNAPSHOT.jar:/home/daning/eclipse/plugins/org.maven.ide.components.maven_embedder_2.1.0.20080530-2300/jars/maven-reporting-api-2.1-SNAPSHOT.jar:/home/daning/eclipse/plugins/org.maven.ide.components.maven_embedder_2.1.0.20080530-2300/jars/maven-artifact-3.0-SNAPSHOT.jar:/home/daning/eclipse/plugins/org.maven.ide.components.maven_embedder_2.1.0.20080530-2300/jars/maven-embedder-2.1-SNAPSHOT.jar:/home/daning/eclipse/plugins/org.maven.ide.components.maven_embedder_2.1.0.20080530-2300/jars/wagon-provider-api-1.0-beta-2.jar:/home/daning/eclipse/plugins/org.maven.ide.components.maven_embedder_2.1.0.20080530-2300/jars/plexus-utils-1.5.1.jar:/home/daning/eclipse/plugins/org.maven.ide.components.maven_embedder_2.1.0.20080530-2300/jars/maven-plugin-api-2.1-SNAPSHOT.jar:/home/daning/eclipse/plugins/org.maven.ide.components.maven_embedder_2.1.0.20080530-2300/jars/plexus-classworlds-1.2-alpha-12.jar:/home/daning/eclipse/plugins/org.maven.ide.components.maven_embedder_2.1.0.20080530-2300/jars/wagon-ssh-common-1.0-beta-2.jar:/home/daning/eclipse/plugins/org.maven.ide.components.maven_embedder_2.1.0.20080530-2300/jars/wagon-http-lightweight-1.0-beta-2.jar:/home/daning/eclipse/plugins/org.maven.ide.components.maven_embedder_2.1.0.20080530-2300/jars/jsch-0.1.27.jar:/home/daning/eclipse/plugins/org.maven.ide.components.maven_embedder_2.1.0.20080530-2300/jars/maven-profile-2.1-SNAPSHOT.jar:/home/daning/eclipse/plugins/org.maven.ide.components.maven_embedder_2.1.0.20080530-2300/jars/aspectjrt-1.5.3.jar:/home/daning/eclipse/plugins/org.maven.ide.components.maven_embedder_2.1.0.20080530-2300/jars/plexus-interactivity-api-1.0-alpha-6.jar:/home/daning/eclipse/plugins/org.maven.ide.components.maven_embedder_2.1.0.20080530-2300/jars/maven-workspace-2.1-SNAPSHOT.jar:/home/daning/eclipse/plugins/org.maven.ide.components.maven_embedder_2.1.0.20080530-2300/jars/commons-cli-1.0.jar"/>
    <property name="env.XFILESEARCHPATH" value="/usr/dt/app-defaults/%L/Dt"/>
    <property name="java.vm.specification.name" value="Java Virtual Machine Specification"/>
    <property name="java.vm.specification.version" value="1.0"/>
    <property name="sun.cpu.endian" value="little"/>
    <property name="env.GTK_RC_FILES" value="/etc/gtk/gtkrc:/home/daning/.gtkrc-1.2-gnome2"/>
    <property name="sun.os.patch.level" value="unknown"/>
    <property name="env.HOME" value="/home/daning"/>
    <property name="surefire.test.class.path" value="/home/daning/workspaces/xwiki/xwiki-plugin-officeimport-localtest/target/test-classes:/home/daning/workspaces/xwiki/xwiki-plugin-officeimport-localtest/target/classes:/home/daning/.m2/repository/com/artofsolving/jodconverter/2.2.1/jodconverter-2.2.1.jar:/home/daning/.m2/repository/org/slf4j/slf4j-api/1.4.3/slf4j-api-1.4.3.jar:/home/daning/.m2/repository/commons-io/commons-io/1.4/commons-io-1.4.jar:/home/daning/.m2/repository/org/openoffice/juh/2.3.0/juh-2.3.0.jar:/home/daning/.m2/repository/org/openoffice/jurt/2.3.0/jurt-2.3.0.jar:/home/daning/.m2/repository/org/openoffice/ridl/2.3.0/ridl-2.3.0.jar:/home/daning/.m2/repository/org/openoffice/unoil/2.3.0/unoil-2.3.0.jar:/home/daning/.m2/repository/junit/junit/4.4/junit-4.4.jar:"/>
    <property name="java.io.tmpdir" value="/tmp"/>
    <property name="env.LD_LIBRARY_PATH" value="/usr/lib/jvm/java-6-sun-1.6.0.06/jre/lib/i386/client:/usr/lib/jvm/java-6-sun-1.6.0.06/jre/lib/i386:/usr/lib/jvm/java-6-sun-1.6.0.06/jre/../lib/i386:/usr/lib/jvm/java-6-sun-1.6.0.06/jre/lib/i386/client::/usr/lib/jvm/java-6-sun-1.6.0.06/jre/lib/i386::/usr/lib/xulrunner-addons:/usr/lib/xulrunner-addons"/>
    <property name="java.vendor.url.bug" value="http://java.sun.com/cgi-bin/bugreport.cgi"/>
    <property name="env.SSH_AUTH_SOCK" value="/tmp/keyring-8G6QnC/ssh"/>
    <property name="java.awt.graphicsenv" value="sun.awt.X11GraphicsEnvironment"/>
    <property name="os.arch" value="i386"/>
    <property name="java.ext.dirs" value="/usr/lib/jvm/java-6-sun-1.6.0.06/jre/lib/ext:/usr/java/packages/lib/ext"/>
    <property name="user.dir" value="/home/daning/workspaces/xwiki/xwiki-plugin-officeimport-localtest"/>
    <property name="env.XAUTHORITY" value="/home/daning/.Xauthority"/>
    <property name="line.separator" value="
"/>
    <property name="java.vm.name" value="Java HotSpot(TM) Client VM"/>
    <property name="basedir" value="/home/daning/workspaces/xwiki/xwiki-plugin-officeimport-localtest"/>
    <property name="maven.mode.standalone" value="true"/>
    <property name="env.USERNAME" value="daning"/>
    <property name="file.encoding" value="UTF-8"/>
    <property name="env.GNOME_KEYRING_SOCKET" value="/tmp/keyring-8G6QnC/socket"/>
    <property name="env.GPG_AGENT_INFO" value="/tmp/seahorse-NtQcFL/S.gpg-agent:6758:1"/>
    <property name="java.specification.version" value="1.6"/>
  </properties>
  <testcase time="0.13" classname="MyConverterTest" name="testConvert">
    <error message="org/slf4j/impl/StaticLoggerBinder" type="java.lang.NoClassDefFoundError">java.lang.NoClassDefFoundError: org/slf4j/impl/StaticLoggerBinder
	at org.slf4j.LoggerFactory.&lt;clinit&gt;(LoggerFactory.java:60)
	at com.artofsolving.jodconverter.openoffice.connection.AbstractOpenOfficeConnection.&lt;init&gt;(AbstractOpenOfficeConnection.java:44)
	at com.artofsolving.jodconverter.openoffice.connection.SocketOpenOfficeConnection.&lt;init&gt;(SocketOpenOfficeConnection.java:32)
	at com.artofsolving.jodconverter.openoffice.connection.SocketOpenOfficeConnection.&lt;init&gt;(SocketOpenOfficeConnection.java:28)
	at MyConverter.convert(MyConverter.java:21)
	at MyConverterTest.testConvert(MyConverterTest.java:16)
	at sun.reflect.NativeMethodAccessorImpl.invoke0(Native Method)
	at sun.reflect.NativeMethodAccessorImpl.invoke(NativeMethodAccessorImpl.java:39)
	at sun.reflect.DelegatingMethodAccessorImpl.invoke(DelegatingMethodAccessorImpl.java:25)
	at java.lang.reflect.Method.invoke(Method.java:597)
	at junit.framework.TestCase.runTest(TestCase.java:168)
	at junit.framework.TestCase.runBare(TestCase.java:134)
	at junit.framework.TestResult$1.protect(TestResult.java:110)
	at junit.framework.TestResult.runProtected(TestResult.java:128)
	at junit.framework.TestResult.run(TestResult.java:113)
	at junit.framework.TestCase.run(TestCase.java:124)
	at junit.framework.TestSuite.runTest(TestSuite.java:232)
	at junit.framework.TestSuite.run(TestSuite.java:227)
	at org.junit.internal.runners.JUnit38ClassRunner.run(JUnit38ClassRunner.java:81)
	at org.apache.maven.surefire.junit4.JUnit4TestSet.execute(JUnit4TestSet.java:62)
	at org.apache.maven.surefire.suite.AbstractDirectoryTestSuite.executeTestSet(AbstractDirectoryTestSuite.java:140)
	at org.apache.maven.surefire.suite.AbstractDirectoryTestSuite.execute(AbstractDirectoryTestSuite.java:127)
	at org.apache.maven.surefire.Surefire.run(Surefire.java:177)
	at sun.reflect.NativeMethodAccessorImpl.invoke0(Native Method)
	at sun.reflect.NativeMethodAccessorImpl.invoke(NativeMethodAccessorImpl.java:39)
	at sun.reflect.DelegatingMethodAccessorImpl.invoke(DelegatingMethodAccessorImpl.java:25)
	at java.lang.reflect.Method.invoke(Method.java:597)
	at org.apache.maven.surefire.booter.SurefireBooter.runSuitesInProcess(SurefireBooter.java:338)
	at org.apache.maven.surefire.booter.SurefireBooter.main(SurefireBooter.java:997)
Caused by: java.lang.ClassNotFoundException: org.slf4j.impl.StaticLoggerBinder
	at java.net.URLClassLoader$1.run(URLClassLoader.java:200)
	at java.security.AccessController.doPrivileged(Native Method)
	at java.net.URLClassLoader.findClass(URLClassLoader.java:188)
	at java.lang.ClassLoader.loadClass(ClassLoader.java:306)
	at sun.misc.Launcher$AppClassLoader.loadClass(Launcher.java:276)
	at java.lang.ClassLoader.loadClass(ClassLoader.java:251)
	at java.lang.ClassLoader.loadClassInternal(ClassLoader.java:319)
	... 29 more
</error>
    <system-err>SLF4J: Failed to load class &quot;org.slf4j.impl.StaticLoggerBinder&quot;.
SLF4J: See http://www.slf4j.org/codes.html#StaticLoggerBinder for further details.
</system-err>
  </testcase>
</testsuite>